<!DOCTYPE html PUBLIC "-//W3C//DTD XHTML 1.1//EN" "http://www.w3.org/TR/xhtml11/DTD/xhtml11.dtd">
<html xmlns="http://www.w3.org/1999/xhtml">
<head>
<meta http-equiv="content-type" content="text/html; charset=UTF-8"/>
<title>TestNG Report</title>
<style type="text/css">table {margin-bottom:10px;border-collapse:collapse;empty-cells:show}th,td {border:1px solid #009;padding:.25em .5em}th {vertical-align:bottom}td {vertical-align:top}table a {font-weight:bold}.stripe td {background-color: #E6EBF9}.num {text-align:right}.passedodd td {background-color: #3F3}.passedeven td {background-color: #0A0}.skippedodd td {background-color: #DDD}.skippedeven td {background-color: #CCC}.failedodd td,.attn {background-color: #F33}.failedeven td,.stripe .attn {background-color: #D00}.stacktrace {white-space:pre;font-family:monospace}.totop {font-size:85%;text-align:center;border-bottom:2px solid #000}.invisible {display:none}</style>
</head>
<body>
<table>
<tr><th>Test</th><th># Passed</th><th># Skipped</th><th># Failed</th><th>Time (ms)</th><th>Included Groups</th><th>Excluded Groups</th></tr>
<tr><th colspan="7">Suite</th></tr>
<tr><td><a href="#t0">Test</a></td><td class="num">8</td><td class="num">0</td><td class="num attn">7</td><td class="num">225,043</td><td></td><td></td></tr>
</table>
<table id='summary'><thead><tr><th>Class</th><th>Method</th><th>Start</th><th>Time (ms)</th></tr></thead><tbody><tr><th colspan="4">Suite</th></tr></tbody><tbody id="t0"><tr><th colspan="4">Test &#8212; failed</th></tr><tr class="failedeven"><td rowspan="1">Railway.BookTicketTests</td><td><a href="#m0">TC16_User_can_cancel_ticket</a></td><td rowspan="1">1562565474301</td><td rowspan="1">2412</td></tr><tr class="failedodd"><td rowspan="1">Railway.ContactTests</td><td><a href="#m1">TC04_Contact_Email_contains_correct_href_value_which_can_help_to_quickly_open_Outlook_Compose_Message_dialog</a></td><td rowspan="1">1562565388077</td><td rowspan="1">659</td></tr><tr class="failedeven"><td rowspan="3">Railway.LoginTests</td><td><a href="#m2">TC02_User_cannot_login_with_blank_Username_textbox</a></td><td rowspan="1">1562565487516</td><td rowspan="1">1021</td></tr><tr class="failedeven"><td><a href="#m3">TC03_User_cannot_log_into_Railway_with_invalid_password</a></td><td rowspan="1">1562565493116</td><td rowspan="1">1124</td></tr><tr class="failedeven"><td><a href="#m4">TC05_System_shows_message_when_user_enters_wrong_password_several_times</a></td><td rowspan="1">1562565498795</td><td rowspan="1">2760</td></tr><tr class="failedodd"><td rowspan="1">Railway.ManageAccountWithActivatedAccount</td><td><a href="#m5">TC12_Errors_display_when_password_reset_token_is_blank</a></td><td rowspan="1">1562565373074</td><td rowspan="1">10017</td></tr><tr class="failedeven"><td rowspan="1">Railway.ManageAccountWithInactivatedAccount</td><td><a href="#m6">TC08_User_cannot_login_with_an_account_hasnot_been_activated</a></td><td rowspan="1">1562565293076</td><td rowspan="1">877</td></tr><tr><th colspan="4">Test &#8212; passed</th></tr><tr class="passedeven"><td rowspan="2">Railway.BookTicketTests</td><td><a href="#m7">TC14_User_cannot_book_more_than_10_tickets</a></td><td rowspan="1">1562565412979</td><td rowspan="1">10048</td></tr><tr class="passedeven"><td><a href="#m8">TC15_User_can_open_Book_ticket_page_by_clicking_on_Book_ticket_link_in_Ticket_price</a></td><td rowspan="1">1562565448293</td><td rowspan="1">1522</td></tr><tr class="passedodd"><td rowspan="2">Railway.LoginTests</td><td><a href="#m9">TC01_User_can_log_into_Railway_with_valid_username_and_password</a></td><td rowspan="1">1562565481383</td><td rowspan="1">1437</td></tr><tr class="passedodd"><td><a href="#m10">TC06_Additional_pages_display_once_user_logged_in</a></td><td rowspan="1">1562565506112</td><td rowspan="1">1821</td></tr><tr class="passedeven"><td rowspan="3">Railway.ManageAccountTests</td><td><a href="#m11">TC07_User_can_create_new_account</a></td><td rowspan="1">1562565298537</td><td rowspan="1">4316</td></tr><tr class="passedeven"><td><a href="#m12">TC10_User_cannot_reset_password_if_enter_incorrect_email_address</a></td><td rowspan="1">1562565307504</td><td rowspan="1">1164</td></tr><tr class="passedeven"><td><a href="#m13">TC11_User_cannot_create_account_while_password_and_PID_fields_are_empty</a></td><td rowspan="1">1562565313309</td><td rowspan="1">1230</td></tr><tr class="passedodd"><td rowspan="1">Railway.ManageAccountWithActivatedAccount</td><td><a href="#m14">TC09_User_can_reset_password_successfully</a></td><td rowspan="1">1562565339441</td><td rowspan="1">9085</td></tr></tbody>
</table>
<h2>Test</h2><h3 id="m0">Railway.BookTicketTests#TC16_User_can_cancel_ticket</h3><table class="result"><tr><th>Messages</th></tr><tr><td><div class="messages"><b>INFO: </b>TC16 - User can cancel a ticket<br/><b>INFO: </b>Pre-condition: Create and activate a new account<br/>STEP: </b>1. Navigate to QA Railway Website<br/>STEP: </b>2. Login with a valid account<br/>STEP: </b>3. Book a ticket<br/>STEP: </b>4. Click on "My ticket" tab<br/>STEP: </b>5. Click on "Cancel" button of ticket which user
 want to cancel<br/>STEP: </b>6. Click on "OK" button on Confirmation message
 Are you sure?"<br/><b style="color: #44aa44;">VERIFY POINT: </b>The canceled ticket is disappeared.<br/>BUG: <a target="_blank" href="User cannot cancel the ticket." style="color:#DF0101;font-size:14px;word-break:break-word;"> Bug #04-User cannot cancel the ticket. </a></div></td></tr><tr><th>Exception</th></tr><tr><td><div class="stacktrace">java.lang.AssertionError: The following asserts failed:
	User is logged into Railway. Welcome user message is displayed. expected [Welcome K.v7CBWF@mailinator.com] but found [true],
	Password Reset Token is unable to clear expected [true] but found [false],
	The canceled ticket is disappeared expected [true] but found [false]
	at Common.Assertions.verifyAll(Assertions.java:18)
	at Railway.BookTicketTests.TC16_User_can_cancel_ticket(BookTicketTests.java:137)
... Removed 26 stack frames</div></td></tr></table><p class="totop"><a href="#summary">back to summary</a></p>
<h3 id="m1">Railway.ContactTests#TC04_Contact_Email_contains_correct_href_value_which_can_help_to_quickly_open_Outlook_Compose_Message_dialog</h3><table class="result"><tr><th>Messages</th></tr><tr><td><div class="messages"><b>INFO: </b>TC_04 - Contact Email contains correct href value which can help to quickly open Outlook Compose Message dialog<br/><b>INFO: </b>1. Navigate to QA Railway Website<br/><b>INFO: </b>2. Click on "Contact" tab<br/><b>INFO: </b>3. Check the email address<br/><b style="color: #44aa44;">VERIFY POINT: </b>Email address's href is "mailto:thanh.viet.le@logigear.com"</div></td></tr><tr><th>Exception</th></tr><tr><td><div class="stacktrace">java.lang.NullPointerException
	at Railway.ContactTests.TC04_Contact_Email_contains_correct_href_value_which_can_help_to_quickly_open_Outlook_Compose_Message_dialog(ContactTests.java:24)
... Removed 25 stack frames</div></td></tr></table><p class="totop"><a href="#summary">back to summary</a></p>
<h3 id="m2">Railway.LoginTests#TC02_User_cannot_login_with_blank_Username_textbox</h3><table class="result"><tr><th>Messages</th></tr><tr><td><div class="messages"><b>INFO: </b>TC02 - Login fails when leaving Username as blank<br/>STEP: </b>1- Navigate to Railway site<br/>STEP: </b>2- Click on "Login" tab<br/>STEP: </b>3- Leave Username as blank, enter Password<br/>STEP: </b>4- Click on "Login" button<br/><b style="color: #44aa44;">VERIFY POINT: </b>User can't login and message "There was a problem with your login and/or errors exist in your form. " appears.</div></td></tr><tr><th>Exception</th></tr><tr><td><div class="stacktrace">org.openqa.selenium.NoSuchElementException: no such element: Unable to locate element: {&quot;method&quot;:&quot;xpath&quot;,&quot;selector&quot;:&quot;//p[@class=&apos;message error&apos;]&quot;}
  (Session info: chrome=75.0.3770.100)
  (Driver info: chromedriver=2.40.565498 (ea082db3280dd6843ebfb08a625e3eb905c4f5ab),platform=Windows NT 6.1.7601 SP1 x86_64) (WARNING: The server did not provide any stacktrace information)
Command duration or timeout: 0 milliseconds
For documentation on this error, please visit: http://seleniumhq.org/exceptions/no_such_element.html
Build info: version: &apos;3.14.0&apos;, revision: &apos;aacccce0&apos;, time: &apos;2018-08-02T20:19:58.91Z&apos;
System info: host: &apos;LGVN13551-WIN7&apos;, ip: &apos;172.16.17.38&apos;, os.name: &apos;Windows 7&apos;, os.arch: &apos;amd64&apos;, os.version: &apos;6.1&apos;, java.version: &apos;1.8.0_66&apos;
Driver info: org.openqa.selenium.chrome.ChromeDriver
Capabilities {acceptInsecureCerts: false, acceptSslCerts: false, applicationCacheEnabled: false, browserConnectionEnabled: false, browserName: chrome, chrome: {chromedriverVersion: 2.40.565498 (ea082db3280dd6..., userDataDir: C:\Users\test\AppData\Local...}, cssSelectorsEnabled: true, databaseEnabled: false, handlesAlerts: true, hasTouchScreen: false, javascriptEnabled: true, locationContextEnabled: true, mobileEmulationEnabled: false, nativeEvents: true, networkConnectionEnabled: false, pageLoadStrategy: normal, platform: XP, platformName: XP, rotatable: false, setWindowRect: true, takesHeapSnapshot: true, takesScreenshot: true, unexpectedAlertBehaviour: , unhandledPromptBehavior: , version: 75.0.3770.100, webStorageEnabled: true}
Session ID: dcc7b772fda114c79da387557c2c9efe
*** Element info: {Using=xpath, value=//p[@class=&apos;message error&apos;]}
	at org.openqa.selenium.remote.ErrorHandler.createThrowable(ErrorHandler.java:214)
	at org.openqa.selenium.remote.ErrorHandler.throwIfResponseFailed(ErrorHandler.java:166)
	at org.openqa.selenium.remote.http.JsonHttpResponseCodec.reconstructValue(JsonHttpResponseCodec.java:40)
	at org.openqa.selenium.remote.http.AbstractHttpResponseCodec.decode(AbstractHttpResponseCodec.java:80)
	at org.openqa.selenium.remote.http.AbstractHttpResponseCodec.decode(AbstractHttpResponseCodec.java:44)
	at org.openqa.selenium.remote.HttpCommandExecutor.execute(HttpCommandExecutor.java:158)
	at org.openqa.selenium.remote.service.DriverCommandExecutor.execute(DriverCommandExecutor.java:83)
	at org.openqa.selenium.remote.RemoteWebDriver.execute(RemoteWebDriver.java:548)
	at org.openqa.selenium.remote.RemoteWebDriver.findElement(RemoteWebDriver.java:322)
	at org.openqa.selenium.remote.RemoteWebDriver.findElementByXPath(RemoteWebDriver.java:424)
	at org.openqa.selenium.By$ByXPath.findElement(By.java:353)
	at org.openqa.selenium.remote.RemoteWebDriver.findElement(RemoteWebDriver.java:314)
	at Railway.LoginPage.getLblLoginErrorMsg(LoginPage.java:40)
	at Railway.LoginPage.getLoginErrorMsg(LoginPage.java:135)
	at Railway.LoginTests.TC02_User_cannot_login_with_blank_Username_textbox(LoginTests.java:40)
... Removed 29 stack frames</div></td></tr></table><p class="totop"><a href="#summary">back to summary</a></p>
<h3 id="m3">Railway.LoginTests#TC03_User_cannot_log_into_Railway_with_invalid_password</h3><table class="result"><tr><th>Messages</th></tr><tr><td><div class="messages"><b>INFO: </b>TC03 - Login fails when leaving Password as blank<br/>STEP: </b>1- Navigate to Railway site<br/>STEP: </b>2- Click on "Login" tab<br/>STEP: </b>3- Enter Username and leave Password as blank<br/>STEP: </b>4- Click on "Login" button<br/><b style="color: #44aa44;">VERIFY POINT: </b>User can't login and message "There was a problem with your login and/or errors exist in your form. " appears.<br/>BUG: <a target="_blank" href="'There was a problem with your login and/or errors exits in your form' message does not appear" style="color:#DF0101;font-size:14px;word-break:break-word;"> Bug_TC03_01-'There was a problem with your login and/or errors exits in your form' message does not appear </a></div></td></tr><tr><th>Exception</th></tr><tr><td><div class="stacktrace">org.openqa.selenium.NoSuchElementException: no such element: Unable to locate element: {&quot;method&quot;:&quot;xpath&quot;,&quot;selector&quot;:&quot;//p[@class=&apos;message error&apos;]&quot;}
  (Session info: chrome=75.0.3770.100)
  (Driver info: chromedriver=2.40.565498 (ea082db3280dd6843ebfb08a625e3eb905c4f5ab),platform=Windows NT 6.1.7601 SP1 x86_64) (WARNING: The server did not provide any stacktrace information)
Command duration or timeout: 0 milliseconds
For documentation on this error, please visit: http://seleniumhq.org/exceptions/no_such_element.html
Build info: version: &apos;3.14.0&apos;, revision: &apos;aacccce0&apos;, time: &apos;2018-08-02T20:19:58.91Z&apos;
System info: host: &apos;LGVN13551-WIN7&apos;, ip: &apos;172.16.17.38&apos;, os.name: &apos;Windows 7&apos;, os.arch: &apos;amd64&apos;, os.version: &apos;6.1&apos;, java.version: &apos;1.8.0_66&apos;
Driver info: org.openqa.selenium.chrome.ChromeDriver
Capabilities {acceptInsecureCerts: false, acceptSslCerts: false, applicationCacheEnabled: false, browserConnectionEnabled: false, browserName: chrome, chrome: {chromedriverVersion: 2.40.565498 (ea082db3280dd6..., userDataDir: C:\Users\test\AppData\Local...}, cssSelectorsEnabled: true, databaseEnabled: false, handlesAlerts: true, hasTouchScreen: false, javascriptEnabled: true, locationContextEnabled: true, mobileEmulationEnabled: false, nativeEvents: true, networkConnectionEnabled: false, pageLoadStrategy: normal, platform: XP, platformName: XP, rotatable: false, setWindowRect: true, takesHeapSnapshot: true, takesScreenshot: true, unexpectedAlertBehaviour: , unhandledPromptBehavior: , version: 75.0.3770.100, webStorageEnabled: true}
Session ID: e311462c5bf1fc1ef02ac299c2cb4b6c
*** Element info: {Using=xpath, value=//p[@class=&apos;message error&apos;]}
	at org.openqa.selenium.remote.ErrorHandler.createThrowable(ErrorHandler.java:214)
	at org.openqa.selenium.remote.ErrorHandler.throwIfResponseFailed(ErrorHandler.java:166)
	at org.openqa.selenium.remote.http.JsonHttpResponseCodec.reconstructValue(JsonHttpResponseCodec.java:40)
	at org.openqa.selenium.remote.http.AbstractHttpResponseCodec.decode(AbstractHttpResponseCodec.java:80)
	at org.openqa.selenium.remote.http.AbstractHttpResponseCodec.decode(AbstractHttpResponseCodec.java:44)
	at org.openqa.selenium.remote.HttpCommandExecutor.execute(HttpCommandExecutor.java:158)
	at org.openqa.selenium.remote.service.DriverCommandExecutor.execute(DriverCommandExecutor.java:83)
	at org.openqa.selenium.remote.RemoteWebDriver.execute(RemoteWebDriver.java:548)
	at org.openqa.selenium.remote.RemoteWebDriver.findElement(RemoteWebDriver.java:322)
	at org.openqa.selenium.remote.RemoteWebDriver.findElementByXPath(RemoteWebDriver.java:424)
	at org.openqa.selenium.By$ByXPath.findElement(By.java:353)
	at org.openqa.selenium.remote.RemoteWebDriver.findElement(RemoteWebDriver.java:314)
	at Railway.LoginPage.getLblLoginErrorMsg(LoginPage.java:40)
	at Railway.LoginPage.getLoginErrorMsg(LoginPage.java:135)
	at Railway.LoginTests.TC03_User_cannot_log_into_Railway_with_invalid_password(LoginTests.java:58)
... Removed 29 stack frames</div></td></tr></table><p class="totop"><a href="#summary">back to summary</a></p>
<h3 id="m4">Railway.LoginTests#TC05_System_shows_message_when_user_enters_wrong_password_several_times</h3><table class="result"><tr><th>Messages</th></tr><tr><td><div class="messages"><b>INFO: </b>TC05 - System shows message when user enters wrong password several times<br/>STEP: </b>1. Navigate to QA Railway Website<br/>STEP: </b>2. Click on "Login" tab<br/>STEP: </b>3. Enter valid information into "Username" textbox except "Password" textbox.<br/>STEP: </b>4. Click on "Login" button<br/>STEP: </b>5. Repeat step 3 three more times.<br/><b style="color: #44aa44;">VERIFY POINT: </b>User can't login and message "You have used 4 out of 5 login attempts. After all 5 have been used, you will be unable to login for 15 minutes." appears.<br/>BUG: <a target="_blank" href="'You have used 4 out of 5 login attempts. After all 5 have been used, you will be unable to login for 15 minutes.' message does not appear" style="color:#DF0101;font-size:14px;word-break:break-word;"> Bug_TC05_01-'You have used 4 out of 5 login attempts. After all 5 have been used, you will be unable to login for 15 minutes.' message does not appear </a></div></td></tr><tr><th>Exception</th></tr><tr><td><div class="stacktrace">java.lang.AssertionError: The following asserts failed:
	User is logged into Railway. Welcome user message is displayed. expected [Welcome K.v7CBWF@mailinator.com] but found [true],
	Password Reset Token is unable to clear expected [true] but found [false],
	The canceled ticket is disappeared expected [true] but found [false],
	Unable to login and warning message appears. expected [User can&apos;t login and message \&quot;You have used 4 out of 5 login attempts. After all 5 have been used, you will be unable to login for 15 minutes.\&quot; appears.] but found [Invalid username or password. Please try again.]
	at Common.Assertions.verifyAll(Assertions.java:18)
	at Railway.LoginTests.TC05_System_shows_message_when_user_enters_wrong_password_several_times(LoginTests.java:82)
... Removed 26 stack frames</div></td></tr></table><p class="totop"><a href="#summary">back to summary</a></p>
<h3 id="m5">Railway.ManageAccountWithActivatedAccount#TC12_Errors_display_when_password_reset_token_is_blank</h3><table class="result"><tr><th>Messages</th></tr><tr><td><div class="messages"><b>INFO: </b>TC12 - Errors display when password reset token is blank<br/><b>INFO: </b>Pre-condition: Create and activate a new account<br/>STEP: </b>1. Navigate to QA Railway Website<br/>STEP: </b>2. Click on 'Forgot Password page' link<br/>STEP: </b>3. Enter the email address of the created account in Precondition<br/>STEP: </b>4. Click on 'Send Instructions' button<br/>STEP: </b>5. Open mailbox and click on reset password link<br/><b style="color: #44aa44;">VERIFY POINT: </b>Password Change Form" page displays<br/>STEP: </b>6. Enter new passwords and remove the Password Reset Token<br/>STEP: </b>7. Click 'Reset Password' button<br/>BUG: <a target="_blank" href="User cannot remove the Password Reset Token" style="color:#DF0101;font-size:14px;word-break:break-word;"> Bug #03-User cannot remove the Password Reset Token </a><br/><b style="color: #44aa44;">VERIFY POINT: </b>Error message "The password reset token is incorrect or may be expired. Visit the forgot password page to generate a new one." displays above the form.<br/><b style="color: #44aa44;">VERIFY POINT: </b>Error message "The password reset token is invalid." displays next to the "Password Reset Token" field.</div></td></tr><tr><th>Exception</th></tr><tr><td><div class="stacktrace">org.openqa.selenium.NoSuchElementException: no such element: Unable to locate element: {&quot;method&quot;:&quot;xpath&quot;,&quot;selector&quot;:&quot;//p[@class=&apos;message error&apos;]&quot;}
  (Session info: chrome=75.0.3770.100)
  (Driver info: chromedriver=2.40.565498 (ea082db3280dd6843ebfb08a625e3eb905c4f5ab),platform=Windows NT 6.1.7601 SP1 x86_64) (WARNING: The server did not provide any stacktrace information)
Command duration or timeout: 0 milliseconds
For documentation on this error, please visit: http://seleniumhq.org/exceptions/no_such_element.html
Build info: version: &apos;3.14.0&apos;, revision: &apos;aacccce0&apos;, time: &apos;2018-08-02T20:19:58.91Z&apos;
System info: host: &apos;LGVN13551-WIN7&apos;, ip: &apos;172.16.17.38&apos;, os.name: &apos;Windows 7&apos;, os.arch: &apos;amd64&apos;, os.version: &apos;6.1&apos;, java.version: &apos;1.8.0_66&apos;
Driver info: org.openqa.selenium.chrome.ChromeDriver
Capabilities {acceptInsecureCerts: false, acceptSslCerts: false, applicationCacheEnabled: false, browserConnectionEnabled: false, browserName: chrome, chrome: {chromedriverVersion: 2.40.565498 (ea082db3280dd6..., userDataDir: C:\Users\test\AppData\Local...}, cssSelectorsEnabled: true, databaseEnabled: false, handlesAlerts: true, hasTouchScreen: false, javascriptEnabled: true, locationContextEnabled: true, mobileEmulationEnabled: false, nativeEvents: true, networkConnectionEnabled: false, pageLoadStrategy: normal, platform: XP, platformName: XP, rotatable: false, setWindowRect: true, takesHeapSnapshot: true, takesScreenshot: true, unexpectedAlertBehaviour: , unhandledPromptBehavior: , version: 75.0.3770.100, webStorageEnabled: true}
Session ID: 398b36301e54b9914b76c21974355ced
*** Element info: {Using=xpath, value=//p[@class=&apos;message error&apos;]}
	at org.openqa.selenium.remote.ErrorHandler.createThrowable(ErrorHandler.java:214)
	at org.openqa.selenium.remote.ErrorHandler.throwIfResponseFailed(ErrorHandler.java:166)
	at org.openqa.selenium.remote.http.JsonHttpResponseCodec.reconstructValue(JsonHttpResponseCodec.java:40)
	at org.openqa.selenium.remote.http.AbstractHttpResponseCodec.decode(AbstractHttpResponseCodec.java:80)
	at org.openqa.selenium.remote.http.AbstractHttpResponseCodec.decode(AbstractHttpResponseCodec.java:44)
	at org.openqa.selenium.remote.HttpCommandExecutor.execute(HttpCommandExecutor.java:158)
	at org.openqa.selenium.remote.service.DriverCommandExecutor.execute(DriverCommandExecutor.java:83)
	at org.openqa.selenium.remote.RemoteWebDriver.execute(RemoteWebDriver.java:548)
	at org.openqa.selenium.remote.RemoteWebDriver.findElement(RemoteWebDriver.java:322)
	at org.openqa.selenium.remote.RemoteWebDriver.findElementByXPath(RemoteWebDriver.java:424)
	at org.openqa.selenium.By$ByXPath.findElement(By.java:353)
	at org.openqa.selenium.remote.RemoteWebDriver.findElement(RemoteWebDriver.java:314)
	at Railway.LoginPage.getLblErrorLoginMsg(LoginPage.java:78)
	at Railway.LoginPage.getErrorLoginMsg(LoginPage.java:166)
	at Railway.ManageAccountWithActivatedAccount.TC12_Errors_display_when_password_reset_token_is_blank(ManageAccountWithActivatedAccount.java:99)
... Removed 29 stack frames</div></td></tr></table><p class="totop"><a href="#summary">back to summary</a></p>
<h3 id="m6">Railway.ManageAccountWithInactivatedAccount#TC08_User_cannot_login_with_an_account_hasnot_been_activated</h3><table class="result"><tr><th>Messages</th></tr><tr><td><div class="messages"><b>INFO: </b>TC08 - User can't login with an account hasn't been activated<br/><b>INFO: </b>Pre-Condition: Create a new account but do not activate it<br/>STEP: </b>1. Navigate to QA Railway Website<br/>STEP: </b>2. Click on "Login" tab<br/>STEP: </b>3. Enter username and password of account hasn't been activated.<br/>STEP: </b>4. Click on "Login" button<br/><b style="color: #44aa44;">VERIFY POINT: </b>User can't login and message "Invalid username or password. Please try again." appears.</div></td></tr><tr><th>Exception</th></tr><tr><td><div class="stacktrace">org.openqa.selenium.NoSuchElementException: no such element: Unable to locate element: {&quot;method&quot;:&quot;xpath&quot;,&quot;selector&quot;:&quot;//p[@class=&apos;message error&apos;]&quot;}
  (Session info: chrome=75.0.3770.100)
  (Driver info: chromedriver=2.40.565498 (ea082db3280dd6843ebfb08a625e3eb905c4f5ab),platform=Windows NT 6.1.7601 SP1 x86_64) (WARNING: The server did not provide any stacktrace information)
Command duration or timeout: 0 milliseconds
For documentation on this error, please visit: http://seleniumhq.org/exceptions/no_such_element.html
Build info: version: &apos;3.14.0&apos;, revision: &apos;aacccce0&apos;, time: &apos;2018-08-02T20:19:58.91Z&apos;
System info: host: &apos;LGVN13551-WIN7&apos;, ip: &apos;172.16.17.38&apos;, os.name: &apos;Windows 7&apos;, os.arch: &apos;amd64&apos;, os.version: &apos;6.1&apos;, java.version: &apos;1.8.0_66&apos;
Driver info: org.openqa.selenium.chrome.ChromeDriver
Capabilities {acceptInsecureCerts: false, acceptSslCerts: false, applicationCacheEnabled: false, browserConnectionEnabled: false, browserName: chrome, chrome: {chromedriverVersion: 2.40.565498 (ea082db3280dd6..., userDataDir: C:\Users\test\AppData\Local...}, cssSelectorsEnabled: true, databaseEnabled: false, handlesAlerts: true, hasTouchScreen: false, javascriptEnabled: true, locationContextEnabled: true, mobileEmulationEnabled: false, nativeEvents: true, networkConnectionEnabled: false, pageLoadStrategy: normal, platform: XP, platformName: XP, rotatable: false, setWindowRect: true, takesHeapSnapshot: true, takesScreenshot: true, unexpectedAlertBehaviour: , unhandledPromptBehavior: , version: 75.0.3770.100, webStorageEnabled: true}
Session ID: 70436a620f6f9ccd8febe5533fea31c4
*** Element info: {Using=xpath, value=//p[@class=&apos;message error&apos;]}
	at org.openqa.selenium.remote.ErrorHandler.createThrowable(ErrorHandler.java:214)
	at org.openqa.selenium.remote.ErrorHandler.throwIfResponseFailed(ErrorHandler.java:166)
	at org.openqa.selenium.remote.http.JsonHttpResponseCodec.reconstructValue(JsonHttpResponseCodec.java:40)
	at org.openqa.selenium.remote.http.AbstractHttpResponseCodec.decode(AbstractHttpResponseCodec.java:80)
	at org.openqa.selenium.remote.http.AbstractHttpResponseCodec.decode(AbstractHttpResponseCodec.java:44)
	at org.openqa.selenium.remote.HttpCommandExecutor.execute(HttpCommandExecutor.java:158)
	at org.openqa.selenium.remote.service.DriverCommandExecutor.execute(DriverCommandExecutor.java:83)
	at org.openqa.selenium.remote.RemoteWebDriver.execute(RemoteWebDriver.java:548)
	at org.openqa.selenium.remote.RemoteWebDriver.findElement(RemoteWebDriver.java:322)
	at org.openqa.selenium.remote.RemoteWebDriver.findElementByXPath(RemoteWebDriver.java:424)
	at org.openqa.selenium.By$ByXPath.findElement(By.java:353)
	at org.openqa.selenium.remote.RemoteWebDriver.findElement(RemoteWebDriver.java:314)
	at Railway.LoginPage.getLblLoginErrorMsg(LoginPage.java:40)
	at Railway.LoginPage.getLoginErrorMsg(LoginPage.java:135)
	at Railway.ManageAccountWithInactivatedAccount.TC08_User_cannot_login_with_an_account_hasnot_been_activated(ManageAccountWithInactivatedAccount.java:25)
... Removed 29 stack frames</div></td></tr></table><p class="totop"><a href="#summary">back to summary</a></p>
<h3 id="m7">Railway.BookTicketTests#TC14_User_cannot_book_more_than_10_tickets</h3><table class="result"><tr><th>Messages</th></tr><tr><td><div class="messages"><b>INFO: </b>TC14 - User can't book more than 10 tickets<br/><b>INFO: </b>Pre-condition: Create and activate a new account<br/>STEP: </b>1. Navigate to QA Railway Website<br/>STEP: </b>2. Login with a valid account<br/>STEP: </b>3. Click on "Book ticket"
 tab<br/>STEP: </b>4. Book 10 tickets<br/>STEP: </b>5. Click on "Book ticket" tab again<br/><b style="color: #44aa44;">VERIFY POINT: </b>Error message "There're errors in the form. Please correct the errors and try again." displays above the form.<br/><b style="color: #44aa44;">VERIFY POINT: </b>Error message "You have booked 10 tickets. You can book no more." displays next to Ticket amount field.</div></td></tr></table><p class="totop"><a href="#summary">back to summary</a></p>
<h3 id="m8">Railway.BookTicketTests#TC15_User_can_open_Book_ticket_page_by_clicking_on_Book_ticket_link_in_Ticket_price</h3><table class="result"><tr><th>Messages</th></tr><tr><td><div class="messages"><b>INFO: </b>NOT COMPLETED YET due to expectation - Click Ticket Price<br/><b>INFO: </b>User can open "Book ticket" page by click on "Book ticket" link in "Ticket price"<br/>STEP: </b>1. Navigate to QA Railway Website<br/>STEP: </b>2. Login with a valid account<br/>STEP: </b>3. Click on "Ticket price" tab<br/>STEP: </b>4. Click on any ticket from list<br/>STEP: </b>5. Click on "Book ticket" for any seat type<br/><b style="color: #44aa44;">VERIFY POINT: </b>Book ticket page displays with correct values which user selected.</div></td></tr></table><p class="totop"><a href="#summary">back to summary</a></p>
<h3 id="m9">Railway.LoginTests#TC01_User_can_log_into_Railway_with_valid_username_and_password</h3><table class="result"><tr><th>Messages</th></tr><tr><td><div class="messages"><b>INFO: </b>TC01 - Login successfully with valid credentials<br/>STEP: </b>1- Navigate to Railway site<br/>STEP: </b>2- Click on "Login" tab<br/>STEP: </b>3- Enter valid Email and Password<br/>STEP: </b>4- Click on "Login" button<br/><b style="color: #44aa44;">VERIFY POINT: </b>User is logged into Railway. Welcome user message is displayed.</div></td></tr></table><p class="totop"><a href="#summary">back to summary</a></p>
<h3 id="m10">Railway.LoginTests#TC06_Additional_pages_display_once_user_logged_in</h3><table class="result"><tr><th>Messages</th></tr><tr><td><div class="messages"><b>INFO: </b>TC06 - Additional pages display once user logged in<br/>STEP: </b>1. Navigate to QA Railway Website<br/>STEP: </b>2. Click on "Login" tab<br/>STEP: </b>3. Login with valid account<br/>STEP: </b>4- Click "My ticket" tab<br/><b style="color: #44aa44;">VERIFY POINT: </b>User will be directed to My ticket page<br/>STEP: </b>Click "Change password" tab</div></td></tr></table><p class="totop"><a href="#summary">back to summary</a></p>
<h3 id="m11">Railway.ManageAccountTests#TC07_User_can_create_new_account</h3><table class="result"><tr><th>Messages</th></tr><tr><td><div class="messages"><b>INFO: </b>TC07 - User can create new account<br/>STEP: </b>1- Navigate to QA Railway Website<br/>STEP: </b>2- Click on "Register" tab<br/>STEP: </b>3- Enter valid information into all fields<br/>STEP: </b>4- Click on "Register" button<br/><b style="color: #44aa44;">VERIFY POINT: </b>Message "Thank you for registering your account" appears</div></td></tr></table><p class="totop"><a href="#summary">back to summary</a></p>
<h3 id="m12">Railway.ManageAccountTests#TC10_User_cannot_reset_password_if_enter_incorrect_email_address</h3><table class="result"><tr><th>Messages</th></tr><tr><td><div class="messages"><b>INFO: </b>TC10 - User can't reset password if enter incorrect email address<br/>STEP: </b>1. Navigate to QA Railway Website<br/>STEP: </b>2. Click on "Forgot Password page" link<br/>STEP: </b>3. Enter an un-existing email address<br/>STEP: </b>4. Click on "Send Instructions" button<br/><b style="color: #44aa44;">VERIFY POINT: </b>Error message "This email address doesn't exist." displays.</div></td></tr></table><p class="totop"><a href="#summary">back to summary</a></p>
<h3 id="m13">Railway.ManageAccountTests#TC11_User_cannot_create_account_while_password_and_PID_fields_are_empty</h3><table class="result"><tr><th>Messages</th></tr><tr><td><div class="messages"><b>INFO: </b>User can't create account while password and PID fields are empty<br/>STEP: </b>1- Navigate to QA Railway Website<br/>STEP: </b>2- Click on "Register" tab<br/>STEP: </b>3- Enter valid email address and leave other fields empty<br/>STEP: </b>4- Click on "Register" button<br/><b style="color: #44aa44;">VERIFY POINT: </b>"There're errors in the form. Please correct the errors and try again." appears above the form.<br/><b style="color: #44aa44;">VERIFY POINT: </b>Next to password fields, error message 'Invalid password length.' displays<br/><b style="color: #44aa44;">VERIFY POINT: </b>Next to PID field, error message 'Invalid ID length.' displays</div></td></tr></table><p class="totop"><a href="#summary">back to summary</a></p>
<h3 id="m14">Railway.ManageAccountWithActivatedAccount#TC09_User_can_reset_password_successfully</h3><table class="result"><tr><th>Messages</th></tr><tr><td><div class="messages"><b>INFO: </b>TC09 - User can reset password successfully<br/><b>INFO: </b>Pre-Condition: Create and activate a new account<br/>STEP: </b>1. Navigate to QA Railway Website<br/>STEP: </b>2. Click on "Forgot Password page" link<br/>STEP: </b>3. Enter the email address of the created account in Pre condition<br/>STEP: </b>4. Click on "Send Instructions" button<br/>STEP: </b>5. Navigate to mailbox and open the Please reset your password email<br/>STEP: </b>6. Click on the reset password link<br/>STEP: </b>7. Enter a new password for both password fields<br/>STEP: </b>8. Click "Reset Password" button<br/><b style="color: #44aa44;">VERIFY POINT: </b>Message'Password changed! Click here to login.' displays.<br/><b style="color: #44aa44;">VERIFY POINT: </b>User can login with new password</div></td></tr></table><p class="totop"><a href="#summary">back to summary</a></p>
</body>
</html>
